2025-11-10 20:59:44,945 [INFO] 設定データの読み込み開始
2025-11-10 20:59:44,949 [INFO] シミュレーション設定の解析を開始します
2025-11-10 20:59:44,949 [INFO] ノードの解析を開始します
2025-11-10 20:59:44,949 [INFO] ノードを解析しました: 外部
2025-11-10 20:59:44,949 [INFO] ノードを解析しました: 床下
2025-11-10 20:59:44,949 [INFO] ノードを解析しました: 和室
2025-11-10 20:59:44,949 [INFO] ノードを解析しました: LD
2025-11-10 20:59:44,949 [INFO] ノードを解析しました: 台所
2025-11-10 20:59:44,949 [INFO] ノードを解析しました: 浴室
2025-11-10 20:59:44,949 [INFO] ノードを解析しました: 1階トイレ
2025-11-10 20:59:44,949 [INFO] ノードを解析しました: 洗面所
2025-11-10 20:59:44,949 [INFO] ノードを解析しました: ホール
2025-11-10 20:59:44,949 [INFO] ノードを解析しました: クローゼット
2025-11-10 20:59:44,949 [INFO] ノードを解析しました: 寝室
2025-11-10 20:59:44,949 [INFO] ノードを解析しました: 子供室1
2025-11-10 20:59:44,949 [INFO] ノードを解析しました: 子供室2
2025-11-10 20:59:44,949 [INFO] ノードを解析しました: 2階ホール
2025-11-10 20:59:44,949 [INFO] ノードを解析しました: 切妻
2025-11-10 20:59:44,949 [INFO] ノードを解析しました: 片流れ(3)
2025-11-10 20:59:44,949 [INFO] ノードを解析しました: 片流れ(4)
2025-11-10 20:59:44,949 [INFO] ノードを解析しました: 階間(L4)
2025-11-10 20:59:44,949 [INFO] ノードを解析しました: 2階トイレ
2025-11-10 20:59:44,949 [INFO] ventilation_branches の解析を開始します
2025-11-10 20:59:44,949 [INFO] ventilation_branches を解析しました: 外部->和室
2025-11-10 20:59:44,949 [INFO] ventilation_branches を解析しました: 和室->ホール
2025-11-10 20:59:44,949 [INFO] ventilation_branches を解析しました: 外部->台所
2025-11-10 20:59:44,949 [INFO] ventilation_branches を解析しました: 台所->LD
2025-11-10 20:59:44,949 [INFO] ventilation_branches を解析しました: LD->ホール
2025-11-10 20:59:44,949 [INFO] ventilation_branches を解析しました: 外部->LD
2025-11-10 20:59:44,949 [INFO] ventilation_branches を解析しました: LD->ホール
2025-11-10 20:59:44,949 [INFO] ventilation_branches を解析しました: ホール->外部
2025-11-10 20:59:44,949 [INFO] ventilation_branches を解析しました: ホール->洗面所
2025-11-10 20:59:44,949 [INFO] ventilation_branches を解析しました: 洗面所->外部
2025-11-10 20:59:44,949 [INFO] ventilation_branches を解析しました: ホール->1階トイレ
2025-11-10 20:59:44,949 [INFO] ventilation_branches を解析しました: 1階トイレ->外部
2025-11-10 20:59:44,949 [INFO] ventilation_branches を解析しました: 外部->クローゼット
2025-11-10 20:59:44,949 [INFO] ventilation_branches を解析しました: クローゼット->寝室
2025-11-10 20:59:44,949 [INFO] ventilation_branches を解析しました: 寝室->2階ホール
2025-11-10 20:59:44,949 [INFO] ventilation_branches を解析しました: 外部->寝室
2025-11-10 20:59:44,949 [INFO] ventilation_branches を解析しました: 寝室->2階ホール
2025-11-10 20:59:44,949 [INFO] ventilation_branches を解析しました: 外部->子供室1
2025-11-10 20:59:44,949 [INFO] ventilation_branches を解析しました: 子供室1->2階ホール
2025-11-10 20:59:44,949 [INFO] ventilation_branches を解析しました: 外部->子供室2
2025-11-10 20:59:44,949 [INFO] ventilation_branches を解析しました: 子供室2->2階ホール
2025-11-10 20:59:44,949 [INFO] ventilation_branches を解析しました: 2階ホール->2階トイレ
2025-11-10 20:59:44,949 [INFO] ventilation_branches を解析しました: 2階トイレ->外部
2025-11-10 20:59:44,949 [INFO] ventilation_branches を解析しました: 2階ホール->外部
2025-11-10 20:59:44,949 [INFO] ventilation_branches を解析しました: ホール->2階ホール
2025-11-10 20:59:44,949 [INFO] ventilation_branches を解析しました: 2階ホール->ホール
2025-11-10 20:59:44,949 [INFO] ventilation_branches を解析しました: LD->台所
2025-11-10 20:59:44,949 [INFO] ventilation_branches を解析しました: 台所->LD
2025-11-10 20:59:44,964 [INFO] ventilation_branches を解析しました: 外部->台所
2025-11-10 20:59:44,964 [INFO] ventilation_branches を解析しました: 台所->外部
2025-11-10 20:59:44,964 [INFO] ventilation_branches を解析しました: 外部->ホール
2025-11-10 20:59:44,964 [INFO] ventilation_branches を解析しました: ホール->洗面所
2025-11-10 20:59:44,964 [INFO] ventilation_branches を解析しました: 洗面所->浴室
2025-11-10 20:59:44,964 [INFO] ventilation_branches を解析しました: 浴室->外部
2025-11-10 20:59:44,964 [INFO] ventilation_branches を解析しました: 外部->ホール
2025-11-10 20:59:44,966 [INFO] ventilation_branches を解析しました: ホール->1階トイレ
2025-11-10 20:59:44,966 [INFO] ventilation_branches を解析しました: 1階トイレ->外部
2025-11-10 20:59:44,966 [INFO] thermal_branches の設定が見つかりませんでした。
2025-11-10 20:59:44,966 [INFO] 表面の解析を開始します
2025-11-10 20:59:44,966 [INFO] エアコンの設定が見つかりませんでした。
2025-11-10 20:59:44,966 [INFO] 設定データの処理が完了しました
2025-11-10 20:59:44,998 [INFO] 設定データを parsed_input_data.json に出力しました
