入力JSONを読み込みました。
シミュレーション定数を解析中...
-シミュレーション開始時刻: 2025-08-24 00:00:00
-シミュレーション終了時刻: 2025-08-24 01:00:00
-シミュレーション時間ステップ: 3660
-シミュレーション長さ: 1
-圧力許容誤差: 1e-06
-温度許容誤差: 1e-06
-収束許容誤差: 1e-06
-最大内部反復回数（デフォルト値）: 100
-圧力計算フラグ: true
-温度計算フラグ: false
-湿度計算フラグ: false
-濃度計算フラグ: false
設定ファイルを解析しました。
タイムステップループ開始: length=1, timestep=3660秒
--初期化: 全データを読み込み、ネットワークトポロジーを構築中...
--全てのノードデータを読み込みました: 20個
--全ての換気ブランチを読み込みました: 384個
--全ての熱ブランチを読み込みました: 0個
--換気回路網を作成中...
--換気回路網を作成しました: 19ノード, 384ブランチ
--熱回路網を作成しました: 0ノード, 0ブランチ
--初期化完了: ネットワークトポロジー構築済み
-タイムステップ 1 を実行中...
--圧力-温度連成計算-エアコン制御ループ 1:
---圧力-熱計算 連成反復 1:
----①標準設定でソルバーを実行します...
----①標準設定で収束しました
----圧力計算収束 | iter=44 | residual=2.409024e-19 | tol=0.000001
---圧力-熱連成計算は不要です（圧力または熱計算のみ）
--圧力-温度連成計算-エアコン制御ループ 1 が収束しました。
-タイムステップ終了  総連成反復回数: 1
タイムステップループ終了
